{"/Users/yelwinoo/work/personal/NCC_EWSD/staff-ideation/app/login/page.tsx": {"path":"/Users/yelwinoo/work/personal/NCC_EWSD/staff-ideation/app/login/page.tsx","statementMap":{"0":{"start":{"line":17,"column":0},"end":{"line":17,"column":24}},"1":{"start":{"line":3,"column":0},"end":{"line":3,"column":32}},"2":{"start":{"line":4,"column":0},"end":{"line":4,"column":38}},"3":{"start":{"line":5,"column":0},"end":{"line":5,"column":41}},"4":{"start":{"line":6,"column":0},"end":{"line":6,"column":53}},"5":{"start":{"line":8,"column":0},"end":{"line":8,"column":28}},"6":{"start":{"line":9,"column":0},"end":{"line":9,"column":43}},"7":{"start":{"line":10,"column":0},"end":{"line":10,"column":48}},"8":{"start":{"line":11,"column":0},"end":{"line":11,"column":50}},"9":{"start":{"line":12,"column":0},"end":{"line":12,"column":36}},"10":{"start":{"line":18,"column":38},"end":{"line":18,"column":53}},"11":{"start":{"line":19,"column":18},"end":{"line":19,"column":54}},"12":{"start":{"line":19,"column":42},"end":{"line":19,"column":53}},"13":{"start":{"line":20,"column":19},"end":{"line":20,"column":30}},"14":{"start":{"line":26,"column":8},"end":{"line":28,"column":6}},"15":{"start":{"line":30,"column":21},"end":{"line":41,"column":5}},"16":{"start":{"line":31,"column":8},"end":{"line":31,"column":null}},"17":{"start":{"line":32,"column":8},"end":{"line":40,"column":9}},"18":{"start":{"line":33,"column":12},"end":{"line":33,"column":null}},"19":{"start":{"line":34,"column":12},"end":{"line":34,"column":null}},"20":{"start":{"line":35,"column":12},"end":{"line":35,"column":null}},"21":{"start":{"line":37,"column":12},"end":{"line":37,"column":null}},"22":{"start":{"line":39,"column":12},"end":{"line":39,"column":null}},"23":{"start":{"line":43,"column":4},"end":{"line":100,"column":null}}},"fnMap":{"0":{"name":"Login","decl":{"start":{"line":17,"column":24},"end":{"line":17,"column":29}},"loc":{"start":{"line":17,"column":29},"end":{"line":101,"column":1}}},"1":{"name":"(anonymous_2)","decl":{"start":{"line":19,"column":31},"end":{"line":19,"column":32}},"loc":{"start":{"line":19,"column":42},"end":{"line":19,"column":53}}},"2":{"name":"(anonymous_3)","decl":{"start":{"line":30,"column":21},"end":{"line":30,"column":26}},"loc":{"start":{"line":30,"column":47},"end":{"line":41,"column":5}}}},"branchMap":{"0":{"loc":{"start":{"line":64,"column":67},"end":{"line":64,"column":100}},"type":"cond-expr","locations":[{"start":{"line":64,"column":82},"end":{"line":64,"column":95}},{"start":{"line":64,"column":98},"end":{"line":64,"column":100}}]},"1":{"loc":{"start":{"line":67,"column":29},"end":{"line":67,"column":116}},"type":"binary-expr","locations":[{"start":{"line":67,"column":29},"end":{"line":67,"column":41}},{"start":{"line":67,"column":45},"end":{"line":67,"column":116}}]},"2":{"loc":{"start":{"line":76,"column":67},"end":{"line":76,"column":103}},"type":"cond-expr","locations":[{"start":{"line":76,"column":85},"end":{"line":76,"column":98}},{"start":{"line":76,"column":101},"end":{"line":76,"column":103}}]},"3":{"loc":{"start":{"line":79,"column":29},"end":{"line":79,"column":122}},"type":"binary-expr","locations":[{"start":{"line":79,"column":29},"end":{"line":79,"column":44}},{"start":{"line":79,"column":48},"end":{"line":79,"column":122}}]},"4":{"loc":{"start":{"line":88,"column":33},"end":{"line":88,"column":104}},"type":"cond-expr","locations":[{"start":{"line":88,"column":45},"end":{"line":88,"column":94}},{"start":{"line":88,"column":97},"end":{"line":88,"column":104}}]}},"s":{"0":1,"1":1,"2":1,"3":1,"4":1,"5":1,"6":1,"7":1,"8":1,"9":1,"10":2,"11":2,"12":7,"13":2,"14":2,"15":2,"16":1,"17":1,"18":1,"19":1,"20":1,"21":0,"22":1,"23":2},"f":{"0":2,"1":7,"2":1},"b":{"0":[0,2],"1":[2,0],"2":[0,2],"3":[2,0],"4":[0,2]}}
,"/Users/yelwinoo/work/personal/NCC_EWSD/staff-ideation/schema/validations.ts": {"path":"/Users/yelwinoo/work/personal/NCC_EWSD/staff-ideation/schema/validations.ts","statementMap":{"0":{"start":{"line":1,"column":0},"end":{"line":1,"column":24}},"1":{"start":{"line":3,"column":13},"end":{"line":6,"column":null}},"2":{"start":{"line":8,"column":13},"end":{"line":10,"column":null}},"3":{"start":{"line":12,"column":13},"end":{"line":22,"column":null}},"4":{"start":{"line":19,"column":22},"end":{"line":19,"column":60}}},"fnMap":{"0":{"name":"(anonymous_0)","decl":{"start":{"line":19,"column":12},"end":{"line":19,"column":13}},"loc":{"start":{"line":19,"column":22},"end":{"line":19,"column":60}}}},"branchMap":{},"s":{"0":1,"1":1,"2":1,"3":1,"4":0},"f":{"0":0},"b":{}}
,"/Users/yelwinoo/work/personal/NCC_EWSD/staff-ideation/store/authStore.ts": {"path":"/Users/yelwinoo/work/personal/NCC_EWSD/staff-ideation/store/authStore.ts","statementMap":{"0":{"start":{"line":1,"column":0},"end":{"line":1,"column":32}},"1":{"start":{"line":17,"column":13},"end":{"line":31,"column":null}},"2":{"start":{"line":17,"column":56},"end":{"line":31,"column":2}},"3":{"start":{"line":20,"column":8},"end":{"line":20,"column":null}},"4":{"start":{"line":23,"column":8},"end":{"line":23,"column":null}},"5":{"start":{"line":26,"column":8},"end":{"line":26,"column":null}},"6":{"start":{"line":29,"column":8},"end":{"line":29,"column":null}}},"fnMap":{"0":{"name":"(anonymous_0)","decl":{"start":{"line":17,"column":46},"end":{"line":17,"column":47}},"loc":{"start":{"line":17,"column":56},"end":{"line":31,"column":2}}},"1":{"name":"(anonymous_1)","decl":{"start":{"line":19,"column":11},"end":{"line":19,"column":12}},"loc":{"start":{"line":19,"column":31},"end":{"line":21,"column":5}}},"2":{"name":"(anonymous_2)","decl":{"start":{"line":22,"column":19},"end":{"line":22,"column":20}},"loc":{"start":{"line":22,"column":29},"end":{"line":24,"column":5}}},"3":{"name":"(anonymous_3)","decl":{"start":{"line":25,"column":12},"end":{"line":25,"column":13}},"loc":{"start":{"line":25,"column":38},"end":{"line":27,"column":5}}},"4":{"name":"(anonymous_4)","decl":{"start":{"line":28,"column":12},"end":{"line":28,"column":15}},"loc":{"start":{"line":28,"column":17},"end":{"line":30,"column":5}}}},"branchMap":{},"s":{"0":2,"1":2,"2":2,"3":2,"4":0,"5":1,"6":1},"f":{"0":2,"1":2,"2":0,"3":1,"4":1},"b":{}}
}
