{"total": {"lines":{"total":650,"covered":332,"skipped":0,"pct":51.07},"statements":{"total":688,"covered":361,"skipped":0,"pct":52.47},"functions":{"total":172,"covered":81,"skipped":0,"pct":47.09},"branches":{"total":111,"covered":56,"skipped":0,"pct":50.45},"branchesTrue":{"total":0,"covered":0,"skipped":0,"pct":100}}
,"/Users/yelwinoo/work/personal/NCC_EWSD/staff-ideation/api/apiClient.ts": {"lines":{"total":16,"covered":7,"skipped":0,"pct":43.75},"functions":{"total":3,"covered":0,"skipped":0,"pct":0},"statements":{"total":16,"covered":7,"skipped":0,"pct":43.75},"branches":{"total":6,"covered":0,"skipped":0,"pct":0}}
,"/Users/yelwinoo/work/personal/NCC_EWSD/staff-ideation/api/repository.ts": {"lines":{"total":70,"covered":15,"skipped":0,"pct":21.42},"functions":{"total":55,"covered":0,"skipped":0,"pct":0},"statements":{"total":70,"covered":15,"skipped":0,"pct":21.42},"branches":{"total":4,"covered":0,"skipped":0,"pct":0}}
,"/Users/yelwinoo/work/personal/NCC_EWSD/staff-ideation/app/login/page.tsx": {"lines":{"total":27,"covered":26,"skipped":0,"pct":96.29},"functions":{"total":2,"covered":2,"skipped":0,"pct":100},"statements":{"total":27,"covered":26,"skipped":0,"pct":96.29},"branches":{"total":14,"covered":8,"skipped":0,"pct":57.14}}
,"/Users/yelwinoo/work/personal/NCC_EWSD/staff-ideation/components/toast.tsx": {"lines":{"total":47,"covered":37,"skipped":0,"pct":78.72},"functions":{"total":19,"covered":11,"skipped":0,"pct":57.89},"statements":{"total":54,"covered":42,"skipped":0,"pct":77.77},"branches":{"total":8,"covered":5,"skipped":0,"pct":62.5}}
,"/Users/yelwinoo/work/personal/NCC_EWSD/staff-ideation/schema/validations.ts": {"lines":{"total":12,"covered":9,"skipped":0,"pct":75},"functions":{"total":3,"covered":0,"skipped":0,"pct":0},"statements":{"total":12,"covered":9,"skipped":0,"pct":75},"branches":{"total":0,"covered":0,"skipped":0,"pct":100}}
,"/Users/yelwinoo/work/personal/NCC_EWSD/staff-ideation/store/apiStore.ts": {"lines":{"total":425,"covered":185,"skipped":0,"pct":43.52},"functions":{"total":83,"covered":62,"skipped":0,"pct":74.69},"statements":{"total":455,"covered":209,"skipped":0,"pct":45.93},"branches":{"total":49,"covered":19,"skipped":0,"pct":38.77}}
,"/Users/yelwinoo/work/personal/NCC_EWSD/staff-ideation/store/authStore.ts": {"lines":{"total":32,"covered":32,"skipped":0,"pct":100},"functions":{"total":6,"covered":6,"skipped":0,"pct":100},"statements":{"total":32,"covered":32,"skipped":0,"pct":100},"branches":{"total":30,"covered":24,"skipped":0,"pct":80}}
,"/Users/yelwinoo/work/personal/NCC_EWSD/staff-ideation/test/mockApiClient.ts": {"lines":{"total":3,"covered":3,"skipped":0,"pct":100},"functions":{"total":1,"covered":0,"skipped":0,"pct":0},"statements":{"total":4,"covered":3,"skipped":0,"pct":75},"branches":{"total":0,"covered":0,"skipped":0,"pct":100}}
,"/Users/yelwinoo/work/personal/NCC_EWSD/staff-ideation/test/mockData.ts": {"lines":{"total":18,"covered":18,"skipped":0,"pct":100},"functions":{"total":0,"covered":0,"skipped":0,"pct":100},"statements":{"total":18,"covered":18,"skipped":0,"pct":100},"branches":{"total":0,"covered":0,"skipped":0,"pct":100}}
}
