{"total": {"lines":{"total":34,"covered":31,"skipped":0,"pct":91.17},"statements":{"total":36,"covered":33,"skipped":0,"pct":91.66},"functions":{"total":9,"covered":7,"skipped":0,"pct":77.77},"branches":{"total":10,"covered":5,"skipped":0,"pct":50},"branchesTrue":{"total":0,"covered":0,"skipped":0,"pct":100}}
,"/Users/yelwinoo/work/personal/NCC_EWSD/staff-ideation/app/login/page.tsx": {"lines":{"total":23,"covered":22,"skipped":0,"pct":95.65},"functions":{"total":3,"covered":3,"skipped":0,"pct":100},"statements":{"total":24,"covered":23,"skipped":0,"pct":95.83},"branches":{"total":10,"covered":5,"skipped":0,"pct":50}}
,"/Users/yelwinoo/work/personal/NCC_EWSD/staff-ideation/schema/validations.ts": {"lines":{"total":5,"covered":4,"skipped":0,"pct":80},"functions":{"total":1,"covered":0,"skipped":0,"pct":0},"statements":{"total":5,"covered":4,"skipped":0,"pct":80},"branches":{"total":0,"covered":0,"skipped":0,"pct":100}}
,"/Users/yelwinoo/work/personal/NCC_EWSD/staff-ideation/store/authStore.ts": {"lines":{"total":6,"covered":5,"skipped":0,"pct":83.33},"functions":{"total":5,"covered":4,"skipped":0,"pct":80},"statements":{"total":7,"covered":6,"skipped":0,"pct":85.71},"branches":{"total":0,"covered":0,"skipped":0,"pct":100}}
}
