TN:
SF:app/login/page.tsx
FN:17,Login
FN:19,(anonymous_2)
FN:30,(anonymous_3)
FNF:3
FNH:3
FNDA:2,Login
FNDA:7,(anonymous_2)
FNDA:1,(anonymous_3)
DA:3,1
DA:4,1
DA:5,1
DA:6,1
DA:8,1
DA:9,1
DA:10,1
DA:11,1
DA:12,1
DA:17,1
DA:18,2
DA:19,7
DA:20,2
DA:26,2
DA:30,2
DA:31,1
DA:32,1
DA:33,1
DA:34,1
DA:35,1
DA:37,0
DA:39,1
DA:43,2
LF:23
LH:22
BRDA:64,0,0,0
BRDA:64,0,1,2
BRDA:67,1,0,2
BRDA:67,1,1,0
BRDA:76,2,0,0
BRDA:76,2,1,2
BRDA:79,3,0,2
BRDA:79,3,1,0
BRDA:88,4,0,0
BRDA:88,4,1,2
BRF:10
BRH:5
end_of_record
TN:
SF:schema/validations.ts
FN:19,(anonymous_0)
FNF:1
FNH:0
FNDA:0,(anonymous_0)
DA:1,1
DA:3,1
DA:8,1
DA:12,1
DA:19,0
LF:5
LH:4
BRF:0
BRH:0
end_of_record
TN:
SF:store/authStore.ts
FN:17,(anonymous_0)
FN:19,(anonymous_1)
FN:22,(anonymous_2)
FN:25,(anonymous_3)
FN:28,(anonymous_4)
FNF:5
FNH:4
FNDA:2,(anonymous_0)
FNDA:2,(anonymous_1)
FNDA:0,(anonymous_2)
FNDA:1,(anonymous_3)
FNDA:1,(anonymous_4)
DA:1,2
DA:17,2
DA:20,2
DA:23,0
DA:26,1
DA:29,1
LF:6
LH:5
BRF:0
BRH:0
end_of_record
