TN:
SF:app/login/page.tsx
FN:16,Login
FN:18,(anonymous_2)
FN:30,(anonymous_3)
FNF:3
FNH:3
FNDA:2,Login
FNDA:7,(anonymous_2)
FNDA:1,(anonymous_3)
DA:3,1
DA:4,1
DA:5,1
DA:6,1
DA:8,1
DA:9,1
DA:10,1
DA:11,1
DA:12,1
DA:16,1
DA:17,2
DA:18,7
DA:19,2
DA:25,2
DA:30,2
DA:31,1
DA:32,1
DA:33,1
DA:34,1
DA:35,1
DA:37,0
DA:39,1
DA:43,2
LF:23
LH:22
BRDA:67,0,0,0
BRDA:67,0,1,2
BRDA:71,1,0,2
BRDA:71,1,1,0
BRDA:85,2,0,0
BRDA:85,2,1,2
BRDA:89,3,0,2
BRDA:89,3,1,0
BRDA:109,4,0,0
BRDA:109,4,1,2
BRF:10
BRH:5
end_of_record
TN:
SF:schema/validations.ts
FN:19,(anonymous_0)
FNF:1
FNH:0
FNDA:0,(anonymous_0)
DA:1,1
DA:3,1
DA:8,1
DA:12,1
DA:19,0
DA:24,1
DA:29,1
DA:40,1
LF:8
LH:7
BRF:0
BRH:0
end_of_record
TN:
SF:store/apiStore.ts
FN:39,(anonymous_9)
FN:48,(anonymous_10)
FN:60,(anonymous_11)
FN:72,(anonymous_12)
FN:84,(anonymous_13)
FN:96,(anonymous_14)
FN:107,(anonymous_15)
FN:119,(anonymous_16)
FN:131,(anonymous_17)
FN:143,(anonymous_18)
FN:155,(anonymous_19)
FN:156,(anonymous_20)
FNF:12
FNH:12
FNDA:1,(anonymous_9)
FNDA:4,(anonymous_10)
FNDA:1,(anonymous_11)
FNDA:3,(anonymous_12)
FNDA:1,(anonymous_13)
FNDA:1,(anonymous_14)
FNDA:3,(anonymous_15)
FNDA:1,(anonymous_16)
FNDA:3,(anonymous_17)
FNDA:1,(anonymous_18)
FNDA:1,(anonymous_19)
FNDA:1,(anonymous_20)
DA:1,1
DA:3,1
DA:39,1
DA:49,4
DA:50,4
DA:51,4
DA:52,4
DA:54,0
DA:56,4
DA:61,1
DA:62,1
DA:63,1
DA:64,1
DA:66,0
DA:68,1
DA:73,3
DA:74,3
DA:75,3
DA:76,3
DA:78,0
DA:80,3
DA:85,1
DA:86,1
DA:87,1
DA:88,1
DA:90,0
DA:92,1
DA:97,1
DA:98,1
DA:99,1
DA:100,1
DA:102,0
DA:104,1
DA:108,3
DA:109,3
DA:110,3
DA:111,3
DA:113,0
DA:115,3
DA:120,1
DA:121,1
DA:122,1
DA:123,1
DA:125,0
DA:127,1
DA:132,3
DA:133,3
DA:134,3
DA:135,3
DA:137,0
DA:139,3
DA:144,1
DA:145,1
DA:146,1
DA:147,1
DA:149,0
DA:151,1
DA:155,1
DA:156,1
LF:59
LH:50
BRF:0
BRH:0
end_of_record
TN:
SF:store/authStore.ts
FN:17,(anonymous_0)
FN:19,(anonymous_1)
FN:22,(anonymous_2)
FN:25,(anonymous_3)
FN:28,(anonymous_4)
FNF:5
FNH:4
FNDA:2,(anonymous_0)
FNDA:2,(anonymous_1)
FNDA:0,(anonymous_2)
FNDA:1,(anonymous_3)
FNDA:1,(anonymous_4)
DA:1,2
DA:17,2
DA:20,2
DA:23,0
DA:26,1
DA:29,1
LF:6
LH:5
BRF:0
BRH:0
end_of_record
TN:
SF:test/mockApiClient.ts
FN:10,(anonymous_0)
FNF:1
FNH:0
FNDA:0,(anonymous_0)
DA:3,2
DA:10,2
DA:12,2
LF:3
LH:3
BRF:0
BRH:0
end_of_record
TN:
SF:test/mockData.ts
FNF:0
FNH:0
DA:1,3
DA:7,3
DA:17,3
DA:31,3
DA:36,3
LF:5
LH:5
BRF:0
BRH:0
end_of_record
